<?xml version="1.0" ?>
<testsuites failures="0" name="TestXML" tests="1" time="0.025">
	<testsuite name="Given a Signal Watcher" failures="0"  tests="4" time="0">
		<testcase name="When we watch and emit a signal" time="0"></testcase>
		<testcase name="When we watch and do not emit a signal" time="0"></testcase>
		<testcase name="When we watch a signal from an object with no bound variables" time="0"></testcase>
		<testcase name="When we watch and signal and emit it multiple times" time="0"></testcase>
	</testsuite>

</testsuites>