<?xml version="1.0" ?>
<testsuites failures="0" name="TestXML" tests="1" time="0.257">
	<testsuite name="Given a Scene Director" failures="0"  tests="5" time="0">
		<testcase name="When we call a method from the root node that we stubbed" time="0"></testcase>
		<testcase name="When we call a method from a child node that we stubbed" time="0"></testcase>
		<testcase name="When we add it to the tree it runs" time="0"></testcase>
		<testcase name="When we create two of it for the same scene" time="0"></testcase>
		<testcase name="When we call a method from a grandchild node that we stubbed" time="0"></testcase>
	</testsuite>

</testsuites>