<?xml version="1.0" ?>
<testsuites failures="0" name="TestXML" tests="2" time="1">
	<testsuite name="BasicCSharpTest" failures="0"  tests="2" time="0">
		<testcase name="CSharpTestsWorking" time="0"></testcase>
		<testcase name="CSXharpTestsWorking" time="0"></testcase>
	</testsuite>

	<testsuite name="Given a Boolean Assertion" failures="0"  tests="2" time="0">
		<testcase name="When calling asserts.is_true(true)" time="0"></testcase>
		<testcase name="When calling asserts.is_false(false)" time="0"></testcase>
	</testsuite>

</testsuites>