<?xml version="1.0" ?>
<testsuites failures="0" name="TestXML" tests="19" time="0.973">
<testsuite failures="0" name="Given A TestRunner" tests="5" time= "0.004">
</testsuite>
<testsuite failures="0" name="Given a Scene Director" tests="4" time= "0.003">
</testsuite>
<testsuite failures="0" name="Given a Script Director" tests="3" time= "0.001">
</testsuite>
<testsuite failures="0" name="Given a Test Double" tests="15" time= "0.002">
</testsuite>
<testsuite failures="0" name="Given a Boolean Assertion" tests="2" time= "0.002">
</testsuite>
<testsuite failures="0" name="Given an Equality Assertion" tests="7" time= "0.002">
</testsuite>
<testsuite failures="0" name="Given A File Assertion" tests="3" time= "0.002">
</testsuite>
<testsuite failures="0" name="Given an Is Instance of class/type Assertion" tests="26" time= "0.002">
</testsuite>
<testsuite failures="0" name="Given an Is Not Instance of class/type Assertion" tests="26" time= "0.002">
</testsuite>
<testsuite failures="0" name="Given a Null Assertion" tests="3" time= "0.002">
</testsuite>
<testsuite failures="0" name="Given an Object Assertion" tests="15" time= "0.002">
</testsuite>
<testsuite failures="0" name="Given is_on_floor" tests="3" time= "0.002">
</testsuite>
<testsuite failures="0" name="Given the Addition Operator" tests="3" time= "0.001">
</testsuite>
<testsuite failures="0" name="Given A Range Assertion" tests="2" time= "0.002">
</testsuite>
<testsuite failures="0" name="Given a String Assertion" tests="6" time= "0.002">
</testsuite>
<testsuite failures="0" name="Dummy Test 2" tests="1" time= "0.001">
</testsuite>
<testsuite failures="0" name="Dummy Passing Test" tests="1" time= "0.001">
</testsuite>
<testsuite failures="0" name="Given a Signal Watcher" tests="4" time= "0.002">
</testsuite>
<testsuite failures="0" name="Given a Yield" tests="11" time= "0.002">
</testsuite>
</testsuites>