<?xml version="1.0" ?>
<testsuites failures="0" name="TestXML" tests="1" time="0.934">
<testsuite failures="0" name="Given a Scene Director" tests="5" time="0.002">
<testcase name="When we call a method from the root node that we stubbed" time="0.025">
</testcase>
<testcase name="When we create two of it for the same scene" time="0.036">
</testcase>
<testcase name="When we add it to the tree it runs" time="0.02">
</testcase>
<testcase name="When we call a method from a grandchild node that we stubbed" time="0.019">
</testcase>
<testcase name="When we call a method from a child node that we stubbed" time="0.018">
</testcase>
</testsuite>
</testsuites>