<?xml version="1.0" ?>
<testsuites failures="0" name="TestXML" tests="2" time="1.018">
<testsuite failures="0" name="Given an Equality Assertion" tests="7" time="0">
<testcase name="When calling asserts.is_greater_than(2, 1)" time="0">
</testcase>
<testcase name="When calling asserts.is_equal_or_greater_than(1, 1)" time="0">
</testcase>
<testcase name="When calling asserts.is_equal_or_less_than(1, 1)" time="0">
</testcase>
<testcase name="When calling asserts.is_equal_or_greater_than(2, 1)" time="0">
</testcase>
<testcase name="When calling asserts.is_equal(1, 1)" time="0">
</testcase>
<testcase name="When callign asserts.is_not_equal(5, 6)" time="0">
</testcase>
<testcase name="When calling asserts.is_less_than(2, 1)" time="0">
</testcase>
</testsuite>
<testsuite failures="0" name="Given an Equality Assertion" tests="7" time="0">
<testcase name="When calling asserts.is_greater_than(2, 1)" time="0">
</testcase>
<testcase name="When calling asserts.is_equal_or_greater_than(1, 1)" time="0">
</testcase>
<testcase name="When calling asserts.is_equal_or_less_than(1, 1)" time="0">
</testcase>
<testcase name="When calling asserts.is_equal_or_greater_than(2, 1)" time="0">
</testcase>
<testcase name="When calling asserts.is_equal(1, 1)" time="0">
</testcase>
<testcase name="When callign asserts.is_not_equal(5, 6)" time="0">
</testcase>
<testcase name="When calling asserts.is_less_than(2, 1)" time="0">
</testcase>
</testsuite>
</testsuites>